\BOOKMARK [0][-]{chapter.1}{\376\377\000H\000o\000w\000\040\000t\000o\000\040\000i\000n\000s\000t\000a\000l\000l\000\040\000P\000I\000G\000O\000R}{}% 1
\BOOKMARK [1][-]{section.1.1}{\376\377\000I\000n\000s\000t\000a\000l\000l\000i\000n\000g\000\040\000P\000I\000G\000O\000R}{chapter.1}% 2
\BOOKMARK [1][-]{section.1.2}{\376\377\000I\000n\000s\000t\000a\000l\000l\000i\000n\000g\000\040\000o\000n\000l\000y\000\040\000t\000h\000e\000\040\000M\000e\000a\000s\000u\000r\000e\000m\000e\000n\000t\000\040\000C\000l\000a\000s\000s}{chapter.1}% 3
\BOOKMARK [1][-]{section.1.3}{\376\377\000I\000n\000s\000t\000a\000l\000l\000a\000t\000i\000o\000n\000\040\000f\000o\000r\000\040\000D\000e\000v\000e\000l\000o\000p\000e\000r\000s}{chapter.1}% 4
\BOOKMARK [0][-]{chapter.2}{\376\377\000M\000e\000a\000s\000u\000r\000e\000m\000e\000n\000t\000\040\000N\000a\000m\000i\000n\000g\000\040\000C\000o\000n\000v\000e\000n\000t\000i\000o\000n}{}% 5
\BOOKMARK [0][-]{chapter.3}{\376\377\000Q\000u\000i\000c\000k\000s\000t\000a\000r\000t\000\040\000G\000u\000i\000d\000e}{}% 6
\BOOKMARK [0][-]{chapter.4}{\376\377\000P\000I\000G\000O\000R}{}% 7
\BOOKMARK [1][-]{section.4.1}{\376\377\000W\000h\000a\000t\000\040\000P\000I\000G\000O\000R\000\040\000d\000o\000e\000s}{chapter.4}% 8
\BOOKMARK [1][-]{section.4.2}{\376\377\000P\000I\000G\000O\000R\000s\000\040\000i\000n\000n\000e\000r\000\040\000w\000o\000r\000k\000i\000n\000g\000s}{chapter.4}% 9
\BOOKMARK [0][-]{chapter.5}{\376\377\000T\000h\000e\000\040\000M\000e\000a\000s\000u\000r\000e\000m\000e\000n\000t\000\040\000C\000l\000a\000s\000s}{}% 10
\BOOKMARK [1][-]{section.5.1}{\376\377\000F\000l\000o\000w\000\040\000a\000t\000\040\000S\000t\000a\000r\000t\000u\000p}{chapter.5}% 11
\BOOKMARK [1][-]{section.5.2}{\376\377\000F\000l\000o\000w\000\040\000w\000h\000e\000n\000\040\000p\000l\000o\000t\000t\000i\000n\000g}{chapter.5}% 12
\BOOKMARK [1][-]{section.5.3}{\376\377\000C\000l\000a\000s\000s\000\040\000U\000s\000e\000c\000a\000s\000e\000s}{chapter.5}% 13
\BOOKMARK [1][-]{section.5.4}{\376\377\000M\000e\000t\000h\000o\000d\000s}{chapter.5}% 14
\BOOKMARK [0][-]{chapter.6}{\376\377\000M\000e\000a\000s\000u\000r\000e\000m\000e\000n\000t\000\040\000C\000l\000a\000s\000s\000\040\0002\000.\0000}{}% 15
\BOOKMARK [1][-]{section.6.1}{\376\377\000S\000t\000r\000u\000c\000t\000u\000r\000e}{chapter.6}% 16
\BOOKMARK [1][-]{section.6.2}{\376\377\000P\000r\000e\000v\000i\000o\000u\000s\000\040\000D\000e\000v\000e\000l\000o\000p\000m\000e\000n\000t}{chapter.6}% 17
\BOOKMARK [1][-]{section.6.3}{\376\377\000T\000h\000e\000\040\000b\000r\000a\000n\000d\000\040\000n\000e\000w\000\040\000M\000e\000a\000s\000u\000r\000e\000m\000e\000n\000t\000\040\000C\000l\000a\000s\000s}{chapter.6}% 18
\BOOKMARK [0][-]{chapter.7}{\376\377\000F\000i\000t\000\040\000F\000u\000n\000c\000t\000i\000o\000n\000s}{}% 19
\BOOKMARK [0][-]{chapter.8}{\376\377\000S\000p\000r\000i\000n\000t\000\040\000P\000l\000a\000n\000n\000i\000n\000g}{}% 20
\BOOKMARK [1][-]{section.8.1}{\376\377\000P\000I\000G\000O\000R}{chapter.8}% 21
\BOOKMARK [1][-]{section.8.2}{\376\377\000M\000e\000a\000s\000u\000r\000e\000m\000e\000n\000t\000\040\000C\000l\000a\000s\000s}{chapter.8}% 22
\BOOKMARK [1][-]{section.8.3}{\376\377\000I\000d\000e\000a\000s}{chapter.8}% 23
\BOOKMARK [1][-]{section.8.4}{\376\377\000C\000o\000l\000u\000m\000n\000\040\000C\000l\000a\000s\000s}{chapter.8}% 24
\BOOKMARK [1][-]{section.8.5}{\376\377\000F\000i\000t\000\040\000F\000u\000n\000c\000t\000i\000o\000n\000\040\000C\000l\000a\000s\000s}{chapter.8}% 25
\BOOKMARK [1][-]{section.8.6}{\376\377\000F\000i\000t\000\040\000C\000l\000a\000s\000s}{chapter.8}% 26
\BOOKMARK [1][-]{section.8.7}{\376\377\000D\000a\000t\000a\000\040\000S\000e\000t\000\040\000C\000l\000a\000s\000s}{chapter.8}% 27
\BOOKMARK [0][-]{chapter.9}{\376\377\000T\000o\000D\000o\000\040\000L\000i\000s\000t}{}% 28
\BOOKMARK [0][-]{chapter.10}{\376\377\000O\000l\000d\000\040\000T\000o\000D\000o\000s}{}% 29
\BOOKMARK [0][-]{chapter.11}{\376\377\000P\000r\000o\000j\000e\000c\000t\000\040\000D\000e\000p\000e\000n\000d\000e\000n\000c\000i\000e\000s}{}% 30
\BOOKMARK [0][-]{chapter.12}{\376\377\000I\000n\000d\000i\000c\000e\000s\000\040\000a\000n\000d\000\040\000t\000a\000b\000l\000e\000s}{}% 31
\BOOKMARK [0][-]{section*.10}{\376\377\000P\000y\000t\000h\000o\000n\000\040\000M\000o\000d\000u\000l\000e\000\040\000I\000n\000d\000e\000x}{}% 32
